<?xml version="1.0" encoding="UTF-8"?>
<!-- Generated by org.testng.reporters.JUnitReportReporter -->
<testsuite hostname="Dekis-MacBook-Air.local" failures="0" tests="1" name="test.AddCustomerTest" time="14.834" errors="0" timestamp="2021-06-21T12:21:48 CDT" skipped="0">
  <testcase classname="test.AddCustomerTest" name="validateUserShouldBeAbleToAddCustomer" time="14.834"/>
  <system-out/>
</testsuite> <!-- test.AddCustomerTest -->
