<?xml version="1.0" encoding="UTF-8"?>
<!-- Generated by org.testng.reporters.JUnitReportReporter -->
<testsuite hostname="Dekis-MacBook-Air.local" failures="0" tests="1" name="test.LoginTest" time="6.052" errors="0" timestamp="2021-06-09T22:27:29 CDT" skipped="0">
  <testcase classname="test.LoginTest" name="ValidUserShouldBeAbleToLogin" time="6.052"/>
  <system-out/>
</testsuite> <!-- test.LoginTest -->
